C51 COMPILER V9.60.7.0   MAIN                                                              10/01/2025 17:18:15 PAGE 1   


C51 COMPILER V9.60.7.0, COMPILATION OF MODULE MAIN
OBJECT MODULE PLACED IN .\Objects\main.obj
COMPILER INVOKED BY: D:\Keil\C51\BIN\C51.EXE main.c OPTIMIZE(8,SPEED) BROWSE DEBUG OBJECTEXTEND PRINT(.\Listings\main.ls
                    -t) OBJECT(.\Objects\main.obj)

line level    source

   1          #include <REGX52.H>
   2          #include "Timer0.h"
   3          #include "key.h"
   4          #include <INTRINS.H>
   5          
   6          
   7          unsigned char KeyNum,LEDMode;
   8          
   9          void main()
  10          {
  11   1              P2=0xFE;
  12   1              Timer0_Init();
  13   1              while(1)
  14   1              {
  15   2                      KeyNum=Key();
  16   2                      if(KeyNum==1)
  17   2                      {
  18   3                              LEDMode++;
  19   3                              if(LEDMode>=2)LEDMode=0;
  20   3                      }
  21   2              }
  22   1      }
  23          
  24          
  25          void Timer0_Routine() interrupt 1 //ä¸­æ–­å‡½æ•°
  26          {
  27   1              static unsigned int T0Count;    //staticå…³é”®å­—è®©å˜é‡åœ¨ç»“æŸåŽä¾ç„¶å æ®ç©ºé—´ï¼Œä¸”åªå¯ä»¥ç”±æœ
             -¬å‡½æ•°ä½¿ç”¨
  28   1              TH0=64535/256;//é‡è£…å®šæ—¶å™¨
  29   1              TL0=64535%256+1;        
  30   1              T0Count++;
  31   1              if(T0Count>=500)
  32   1              {
  33   2                      T0Count=0;
  34   2                      if(LEDMode==0)
  35   2                              P2=_crol_(P2,1);        
  36   2                      //                      P2<<=1; //åŒºåˆ«åœ¨äºŽä»–ä¸å¾ªçŽ¯å·¦ç§»
  37   2                      if(LEDMode==1)
  38   2                              P2=_cror_(P2,1);
  39   2              }
  40   1      
  41   1      }


MODULE INFORMATION:   STATIC OVERLAYABLE
   CODE SIZE        =    114    ----
   CONSTANT SIZE    =   ----    ----
   XDATA SIZE       =   ----    ----
   PDATA SIZE       =   ----    ----
   DATA SIZE        =      4    ----
   IDATA SIZE       =   ----    ----
   BIT SIZE         =   ----    ----
END OF MODULE INFORMATION.


C51 COMPILATION COMPLETE.  0 WARNING(S),  0 ERROR(S)
