C51 COMPILER V9.60.7.0   TIMER0                                                            10/25/2025 22:45:22 PAGE 1   


C51 COMPILER V9.60.7.0, COMPILATION OF MODULE TIMER0
OBJECT MODULE PLACED IN .\Objects\Timer0.obj
COMPILER INVOKED BY: D:\Keil\C51\BIN\C51.EXE Timer0.c OPTIMIZE(8,SPEED) BROWSE DEBUG OBJECTEXTEND PRINT(.\Listings\Timer
                    -0.lst) OBJECT(.\Objects\Timer0.obj)

line level    source

   1          #include <REGX52.H>
   2          
   3          /**
   4            * @brief å®šæ—¶å™¨0åˆå§‹åŒ–ï¼Œ1ms@12.000MHz
   5            * @param æ—  
   6            * @retval æ— 
   7            */
   8          void Timer0_Init() //1ms@12.000MHz
   9          {
  10   1      //void Timer0Init(void)         //1ms@12.000MHz
  11   1      //{
  12   1              //      AUXR &= 0x7F;           //Timer clock is 12T modeæ–°ç‰ˆC52ï¼Œè€ç‰ˆä¸ç”¨
  13   1      //      TMOD &= 0xF0;           //Set timer work mode
  14   1      //      TMOD |= 0x01;           //Set timer work mode
  15   1      //      TL0 = 0x18;             //Initial timer value
  16   1      //      TH0 = 0xFC;             //Initial timer value
  17   1      //      TF0 = 0;                //Clear TF0 flag
  18   1      //      TR0 = 1;                //Timer0 start run
  19   1      //}
  20   1              //TMOD=0x01;   //0000 0001 ä¸å¯ä½å¯»å€
  21   1              TMOD&=0XF0; //æŠŠTMODçš„ä½Žå››ä½æ¸…é›¶ï¼Œé«˜å››ä½ä¿æŒä¸å˜
  22   1              TMOD|=0X01; //æŠŠTMODçš„æœ€ä½Žä½ç½®1ï¼Œé«˜å››ä½ä¿æŒä¸å˜
  23   1              TF0=0; //å®šæ—¶å™¨T0æº¢å‡ºä¸­æ–­æ ‡å¿—
  24   1              TR0=1; //å¼€å§‹è®¡æ•°
  25   1              TH0=64535/256;
  26   1              TL0=64535%256+1;
  27   1              ET0=1;  //      T0çš„æº¢å‡ºä¸­æ–­å…è®¸ä½//IE:ä¸­æ–­å…è®¸å¯„å­˜å™¨
  28   1              EA=1;   //CPUæ€»ä¸­æ–­å…è®¸æŽ§åˆ¶ä½
  29   1              PT0=0;  //IPï¼šä¸­æ–­ä¼˜å…ˆçº§æŽ§åˆ¶å¯„å­˜å™¨
  30   1      }
  31          
  32          /* å®šæ—¶å™¨ä¸­æ–­å‡½æ•°æ¨¡æ¿
  33          void Timer0_Routine() interrupt 1 //ä¸­æ–­å‡½æ•°
  34          {
  35                  static unsigned int T0Count;    //staticå…³é”®å­—è®©å˜é‡åœ¨ç»“æŸåŽä¾ç„¶å æ®ç©ºé—´ï¼Œä¸”åªå¯ä»¥ç”±æœ
             -¬å‡½æ•°ä½¿ç”¨
  36                  TH0=64535/256;//é‡è£…å®šæ—¶å™¨
  37                  TL0=64535%256+1;        
  38                  T0Count++;
  39                  if(T0Count>=1000)
  40                  {
  41                          T0Count=0;      
  42                  }
  43          }
  44          */


MODULE INFORMATION:   STATIC OVERLAYABLE
   CODE SIZE        =     23    ----
   CONSTANT SIZE    =   ----    ----
   XDATA SIZE       =   ----    ----
   PDATA SIZE       =   ----    ----
   DATA SIZE        =   ----    ----
   IDATA SIZE       =   ----    ----
C51 COMPILER V9.60.7.0   TIMER0                                                            10/25/2025 22:45:22 PAGE 2   

   BIT SIZE         =   ----    ----
END OF MODULE INFORMATION.


C51 COMPILATION COMPLETE.  0 WARNING(S),  0 ERROR(S)
