C51 COMPILER V9.60.7.0   MAIN                                                              08/03/2025 23:14:34 PAGE 1   


C51 COMPILER V9.60.7.0, COMPILATION OF MODULE MAIN
OBJECT MODULE PLACED IN .\Objects\main.obj
COMPILER INVOKED BY: D:\Keil\C51\BIN\C51.EXE main.c OPTIMIZE(8,SPEED) BROWSE DEBUG OBJECTEXTEND PRINT(.\Listings\main.ls
                    -t) OBJECT(.\Objects\main.obj)

line level    source

   1          #include <REGX52.H>
   2          #include "LCD1602.H"
   3          #include <stdio.h>
   4          #include "Delay.h"
   5          
   6          int Result;
   7                  
   8          void main()
   9          {
  10   1              
  11   1              LCD_Init();
  12   1              //LCD_ShowChar(1,1,'Z');
  13   1              //LCD_ShowString(1,1,"Thea was sleeping");
  14   1              //LCD_ShowNum(1,1,2,3);
  15   1              //LCD_ShowSignedNum(1,1,-10,1);
  16   1              //LCD_ShowHexNum(2,1,0XAA,3);
  17   1              //LCD_ShowBinNum(2,1,0XAA,7);
  18   1              while(1)
  19   1              {
  20   2              Result++;
  21   2              Delay(1000);
  22   2              LCD_ShowNum(2,1,Result,2);      
  23   2              }
  24   1      }


MODULE INFORMATION:   STATIC OVERLAYABLE
   CODE SIZE        =     34    ----
   CONSTANT SIZE    =   ----    ----
   XDATA SIZE       =   ----    ----
   PDATA SIZE       =   ----    ----
   DATA SIZE        =      2    ----
   IDATA SIZE       =   ----    ----
   BIT SIZE         =   ----    ----
END OF MODULE INFORMATION.


C51 COMPILATION COMPLETE.  0 WARNING(S),  0 ERROR(S)
