C51 COMPILER V9.60.7.0   MAIN                                                              10/21/2025 11:55:17 PAGE 1   


C51 COMPILER V9.60.7.0, COMPILATION OF MODULE MAIN
OBJECT MODULE PLACED IN .\Objects\main.obj
COMPILER INVOKED BY: D:\Keil\C51\BIN\C51.EXE main.c OPTIMIZE(8,SPEED) BROWSE DEBUG OBJECTEXTEND PRINT(.\Listings\main.ls
                    -t) OBJECT(.\Objects\main.obj)

line level    source

   1          #include <REGX52.H>
   2          #include "LCD1602.H"
   3          #include "Ds1302.h"
   4          #include "Delay.h"
   5          
   6          
   7          
   8          void main()
   9          {
  10   1              LCD_Init();
  11   1              DS1302_Init();
  12   1              LCD_ShowString(1,1,"  -  -  "); //静态字符初始化显示
  13   1              LCD_ShowString(2,1,"  :  :  ");
  14   1              DS1302_SetTime();       //设置时间
  15   1              while(1)
  16   1              {
  17   2                      DS1302_ReadTime();      //读取时间
  18   2                      LCD_ShowNum(1,1,DS1302_Time[0],2);      //显示年
  19   2                      LCD_ShowNum(1,4,DS1302_Time[1],2);      //显示月
  20   2                      LCD_ShowNum(1,7,DS1302_Time[2],2);      //显示日
  21   2                      LCD_ShowNum(2,1,DS1302_Time[3],2);      //显示时
  22   2                      LCD_ShowNum(2,4,DS1302_Time[4],2);      //显示分
  23   2                      LCD_ShowNum(2,7,DS1302_Time[5],2);      //显示秒
  24   2      //              LCD_ShowNum(2,10,DS1302_Time[6],2);
  25   2              }
  26   1      }


MODULE INFORMATION:   STATIC OVERLAYABLE
   CODE SIZE        =    130    ----
   CONSTANT SIZE    =     18    ----
   XDATA SIZE       =   ----    ----
   PDATA SIZE       =   ----    ----
   DATA SIZE        =   ----    ----
   IDATA SIZE       =   ----    ----
   BIT SIZE         =   ----    ----
END OF MODULE INFORMATION.


C51 COMPILATION COMPLETE.  0 WARNING(S),  0 ERROR(S)
