C51 COMPILER V9.60.7.0   MAIN                                                              08/31/2025 22:52:24 PAGE 1   


C51 COMPILER V9.60.7.0, COMPILATION OF MODULE MAIN
OBJECT MODULE PLACED IN .\Objects\main.obj
COMPILER INVOKED BY: D:\Keil\C51\BIN\C51.EXE main.c OPTIMIZE(8,SPEED) BROWSE DEBUG OBJECTEXTEND PRINT(.\Listings\main.ls
                    -t) OBJECT(.\Objects\main.obj)

line level    source

   1          #include <REGX52.H>
   2          #include "Delay.h"
   3          #include "LCD1602.h"
   4          
   5          unsigned char KeyNum;
   6          void main()
   7          {
   8   1              LCD_Init();
   9   1              LCD_ShowString(1,1,"Bowen");
  10   1              while(1)
  11   1              {
  12   2                      KeyNum=MatrixKey();
*** WARNING C206 IN LINE 12 OF main.c: 'MatrixKey': missing function-prototype
  13   2                      if(KeyNum)
  14   2                      {
  15   3                              LCD_ShowNum(2,1,KeyNum,2);
  16   3                      }
  17   2              }
  18   1      }


MODULE INFORMATION:   STATIC OVERLAYABLE
   CODE SIZE        =     40    ----
   CONSTANT SIZE    =      6    ----
   XDATA SIZE       =   ----    ----
   PDATA SIZE       =   ----    ----
   DATA SIZE        =      1    ----
   IDATA SIZE       =   ----    ----
   BIT SIZE         =   ----    ----
END OF MODULE INFORMATION.


C51 COMPILATION COMPLETE.  1 WARNING(S),  0 ERROR(S)
