C51 COMPILER V9.60.7.0   MATRIXKEY                                                         09/02/2025 15:40:21 PAGE 1   


C51 COMPILER V9.60.7.0, COMPILATION OF MODULE MATRIXKEY
OBJECT MODULE PLACED IN .\Objects\MatrixKey.obj
COMPILER INVOKED BY: D:\Keil\C51\BIN\C51.EXE MatrixKey.c OPTIMIZE(8,SPEED) BROWSE DEBUG OBJECTEXTEND PRINT(.\Listings\Ma
                    -trixKey.lst) OBJECT(.\Objects\MatrixKey.obj)

line level    source

   1          #include <REGX52.H>
   2          #include "DELAY.H"
   3          #include "LCD1602.H"
   4          #include "MATRIXKEY.H"
   5          
   6          /**
   7            * @brief çŸ©é˜µé”®ç›˜è¯»å–æŒ‰é”®é”®ç 
   8            * @param  æ— 
   9            * @retval KeyNumber æŒ‰ä¸‹å»ºç çš„é”®ç å€¼
  10                      å¦‚æœæŒ‰é”®æŒ‰ä¸‹ä¸æ”¾ï¼Œç¨‹åºä¼šåœç•™åœ¨æ­¤å‡½æ•°ï¼Œæ¾æ‰‹ä¸€ç¬é—´ï¼Œè¿”å›é”®ç å€¼ï¼Œæ
             -²¡æœ‰æŒ‰é”®æŒ‰ä¸‹æ—¶è¿”å›0
  11            */
  12          unsigned char MatrixKey()
  13          {
  14   1              unsigned char KeyNumber=0;
  15   1              P1=0xFF;
  16   1              P1_3=0;
  17   1              if(P1_7==0){Delay(20);while(P1_7==0);Delay(20);KeyNumber=1;}
  18   1              if(P1_6==0){Delay(20);while(P1_6==0);Delay(20);KeyNumber=5;}
  19   1              if(P1_5==0){Delay(20);while(P1_5==0);Delay(20);KeyNumber=9;}
  20   1              if(P1_4==0){Delay(20);while(P1_4==0);Delay(20);KeyNumber=13;}
  21   1              
  22   1              P1=0xFF;
  23   1              P1_2=0;
  24   1              if(P1_7==0){Delay(20);while(P1_7==0);Delay(20);KeyNumber=2;}
  25   1              if(P1_6==0){Delay(20);while(P1_6==0);Delay(20);KeyNumber=6;}
  26   1              if(P1_5==0){Delay(20);while(P1_5==0);Delay(20);KeyNumber=10;}
  27   1              if(P1_4==0){Delay(20);while(P1_4==0);Delay(20);KeyNumber=14;}   
  28   1              
  29   1              P1=0xFF;
  30   1              P1_1=0;
  31   1              if(P1_7==0){Delay(20);while(P1_7==0);Delay(20);KeyNumber=3;}
  32   1              if(P1_6==0){Delay(20);while(P1_6==0);Delay(20);KeyNumber=7;}
  33   1              if(P1_5==0){Delay(20);while(P1_5==0);Delay(20);KeyNumber=11;}
  34   1              if(P1_4==0){Delay(20);while(P1_4==0);Delay(20);KeyNumber=15;}
  35   1              
  36   1              P1=0xFF;
  37   1              P1_0=0;
  38   1              if(P1_7==0){Delay(20);while(P1_7==0);Delay(20);KeyNumber=4;}
  39   1              if(P1_6==0){Delay(20);while(P1_6==0);Delay(20);KeyNumber=8;}
  40   1              if(P1_5==0){Delay(20);while(P1_5==0);Delay(20);KeyNumber=12;}
  41   1              if(P1_4==0){Delay(20);while(P1_4==0);Delay(20);KeyNumber=16;}   
  42   1              
  43   1              return KeyNumber;
  44   1      }


MODULE INFORMATION:   STATIC OVERLAYABLE
   CODE SIZE        =    393    ----
   CONSTANT SIZE    =   ----    ----
   XDATA SIZE       =   ----    ----
   PDATA SIZE       =   ----    ----
   DATA SIZE        =   ----       1
   IDATA SIZE       =   ----    ----
C51 COMPILER V9.60.7.0   MATRIXKEY                                                         09/02/2025 15:40:21 PAGE 2   

   BIT SIZE         =   ----    ----
END OF MODULE INFORMATION.


C51 COMPILATION COMPLETE.  0 WARNING(S),  0 ERROR(S)
