C51 COMPILER V9.60.7.0   MAIN                                                              07/17/2025 22:15:11 PAGE 1   


C51 COMPILER V9.60.7.0, COMPILATION OF MODULE MAIN
OBJECT MODULE PLACED IN .\Objects\main.obj
COMPILER INVOKED BY: D:\Keil\C51\BIN\C51.EXE main.c OPTIMIZE(8,SPEED) BROWSE DEBUG OBJECTEXTEND PRINT(.\Listings\main.ls
                    -t) OBJECT(.\Objects\main.obj)

line level    source

   1          #include <REGX52.H>
   2          
   3          unsigned NixieTable[]={0x3F,0x06,0x5B,0x4F,0x66,0x6D,0x7D,0x07,0x7E,0x6F};
   4          
   5          void Delay(int xms)             //@11.0592MHz
   6          {
   7   1              unsigned char i, j;
   8   1              i = 2;
   9   1              j = 199;
  10   1              while(xms--)
  11   1              {
  12   2                      
  13   2                      do
  14   2                      {
  15   3                              while (--j);
  16   3                      } while (--i);
  17   2              }
  18   1      }
  19          
  20          
  21          void Nixie(unsigned char location,number)
  22          {
  23   1              switch(location)
  24   1              {
  25   2                      case 1:P2_4=0;P2_3=0;P2_2=0;break;
  26   2                      case 2:P2_4=0;P2_3=0;P2_2=1;break;
  27   2                      case 3:P2_4=0;P2_3=1;P2_2=0;break;
  28   2                      case 4:P2_4=0;P2_3=1;P2_2=1;break;
  29   2                      case 5:P2_4=1;P2_3=0;P2_2=0;break;
  30   2                      case 6:P2_4=1;P2_3=0;P2_2=1;break;
  31   2                      case 7:P2_4=1;P2_3=1;P2_2=0;break;
  32   2                      case 8:P2_4=1;P2_3=1;P2_2=1;break;
  33   2              }       
  34   1              P0=NixieTable[number];
  35   1      //      Delay(1);
  36   1      //      P0=0x00;
  37   1      }
  38          void main()
  39          {
  40   1              
  41   1              while(1)
  42   1              {
  43   2                      Nixie(1,1);
  44   2                      Delay(1);
  45   2                      Nixie(2,2);                             
  46   2                      Delay(20);
  47   2                      Nixie(3,3);
  48   2                      Delay(200);
  49   2              }
  50   1      }


MODULE INFORMATION:   STATIC OVERLAYABLE
   CODE SIZE        =    171    ----
C51 COMPILER V9.60.7.0   MAIN                                                              07/17/2025 22:15:11 PAGE 2   

   CONSTANT SIZE    =   ----    ----
   XDATA SIZE       =   ----    ----
   PDATA SIZE       =   ----    ----
   DATA SIZE        =     20    ----
   IDATA SIZE       =   ----    ----
   BIT SIZE         =   ----    ----
END OF MODULE INFORMATION.


C51 COMPILATION COMPLETE.  0 WARNING(S),  0 ERROR(S)
