C51 COMPILER V9.60.7.0   MAIN                                                              10/06/2025 19:36:07 PAGE 1   


C51 COMPILER V9.60.7.0, COMPILATION OF MODULE MAIN
OBJECT MODULE PLACED IN .\Objects\main.obj
COMPILER INVOKED BY: D:\Keil\C51\BIN\C51.EXE main.c OPTIMIZE(8,SPEED) BROWSE DEBUG OBJECTEXTEND PRINT(.\Listings\main.ls
                    -t) OBJECT(.\Objects\main.obj)

line level    source

   1          #include <REGX52.H>
   2          #include "delay.h"
   3          #include "uart.h"
   4          
   5          unsigned char Sec;
   6          
   7          void main()
   8          {
   9   1              UART_Init();
  10   1              while(1)
  11   1              {
  12   2                      
  13   2              }
  14   1      }
  15          
  16          void UART_Routine()interrupt 4
  17          {
  18   1              if(RI==1)
  19   1              {
  20   2                      P2=~SBUF;       //读SBUF
  21   2                      UART_SendByte(SBUF);
  22   2                      RI=0;
  23   2              }
  24   1      }


MODULE INFORMATION:   STATIC OVERLAYABLE
   CODE SIZE        =     76    ----
   CONSTANT SIZE    =   ----    ----
   XDATA SIZE       =   ----    ----
   PDATA SIZE       =   ----    ----
   DATA SIZE        =      1    ----
   IDATA SIZE       =   ----    ----
   BIT SIZE         =   ----    ----
END OF MODULE INFORMATION.


C51 COMPILATION COMPLETE.  0 WARNING(S),  0 ERROR(S)
