C51 COMPILER V9.60.7.0   MAIN                                                              10/01/2025 22:36:46 PAGE 1   


C51 COMPILER V9.60.7.0, COMPILATION OF MODULE MAIN
OBJECT MODULE PLACED IN .\Objects\main.obj
COMPILER INVOKED BY: D:\Keil\C51\BIN\C51.EXE main.c OPTIMIZE(8,SPEED) BROWSE DEBUG OBJECTEXTEND PRINT(.\Listings\main.ls
                    -t) OBJECT(.\Objects\main.obj)

line level    source

   1          #include <REGX52.H>
   2          #include "Delay.h"
   3          #include "LCD1602.h"
   4          #include "timer0.H"
   5          
   6          unsigned char Sec=55,Min=59,Hour=23;
   7          
   8          void main()
   9          {
  10   1              LCD_Init();
  11   1              Timer0_Init();
  12   1              
  13   1              LCD_ShowString(1,1,"Clock:");
  14   1              LCD_ShowString(2,1,"  :  :");
  15   1              
  16   1              while(1)
  17   1              {
  18   2                      LCD_ShowNum(2,1,Hour,2);
  19   2                      LCD_ShowNum(2,4,Min,2);
  20   2                      LCD_ShowNum(2,7,Sec,2);
  21   2              }
  22   1      }
  23          
  24          void Timer0_Routine() interrupt 1 //ä¸­æ–­å‡½æ•°
  25          {
  26   1              static unsigned int T0Count;    //staticå…³é”®å­—è®©å˜é‡åœ¨ç»“æŸåŽä¾ç„¶å æ®ç©ºé—´ï¼Œä¸”åªå¯ä»¥ç”±æœ
             -¬å‡½æ•°ä½¿ç”¨
  27   1              TH0=64535/256;//é‡è£…å®šæ—¶å™¨
  28   1              TL0=64535%256+1;        
  29   1              T0Count++;
  30   1              if(T0Count>=1000)
  31   1              {
  32   2                      T0Count=0;
  33   2                      Sec++;
  34   2                      if(Sec>=60)
  35   2                      {
  36   3                              Sec=0;
  37   3                              Min++;
  38   3                              if(Min>=60)
  39   3                              {
  40   4                                      Min=0;
  41   4                                      Hour++;
  42   4                                      if(Hour>=24)
  43   4                                      {
  44   5                                              Hour=0;
  45   5                                      }
  46   4                              }
  47   3                      }
  48   2              }
  49   1      }


MODULE INFORMATION:   STATIC OVERLAYABLE
   CODE SIZE        =    150    ----
C51 COMPILER V9.60.7.0   MAIN                                                              10/01/2025 22:36:46 PAGE 2   

   CONSTANT SIZE    =     14    ----
   XDATA SIZE       =   ----    ----
   PDATA SIZE       =   ----    ----
   DATA SIZE        =      5    ----
   IDATA SIZE       =   ----    ----
   BIT SIZE         =   ----    ----
END OF MODULE INFORMATION.


C51 COMPILATION COMPLETE.  0 WARNING(S),  0 ERROR(S)
