C51 COMPILER V9.60.7.0   MAIN                                                              06/20/2025 19:06:43 PAGE 1   


C51 COMPILER V9.60.7.0, COMPILATION OF MODULE MAIN
OBJECT MODULE PLACED IN .\Objects\main.obj
COMPILER INVOKED BY: D:\Keil\C51\BIN\C51.EXE main.c OPTIMIZE(8,SPEED) BROWSE DEBUG OBJECTEXTEND PRINT(.\Listings\main.ls
                    -t) OBJECT(.\Objects\main.obj)

line level    source

   1          #include <REGX52.H>
   2          
   3          void Delay(unsigned int xms)
   4          {
   5   1              unsigned char i, j;
   6   1      
   7   1              while(xms--)
   8   1              {
   9   2                      i = 2;
  10   2                      j = 199;
  11   2                      do
  12   2                      {
  13   3                              while (--j);
  14   3                      } while (--i);
  15   2                      //xms--;
  16   2              }
  17   1      }
  18          
  19          void main()
  20          {
  21   1              unsigned char LEDnum=0xFF;
  22   1              while(1)
  23   1              {
  24   2                      if(P3_1==0)
  25   2                      {
  26   3                              Delay(20);
  27   3                              while(P3_1==0);
  28   3                              Delay(20);
  29   3                              LEDnum++;
  30   3                              P2=LEDnum;
  31   3                              P2=~P2;         
  32   3                      }
  33   2              }
  34   1      }


MODULE INFORMATION:   STATIC OVERLAYABLE
   CODE SIZE        =     51    ----
   CONSTANT SIZE    =   ----    ----
   XDATA SIZE       =   ----    ----
   PDATA SIZE       =   ----    ----
   DATA SIZE        =   ----    ----
   IDATA SIZE       =   ----    ----
   BIT SIZE         =   ----    ----
END OF MODULE INFORMATION.


C51 COMPILATION COMPLETE.  0 WARNING(S),  0 ERROR(S)
