C51 COMPILER V9.60.7.0   MAIN                                                              07/08/2025 00:24:27 PAGE 1   


C51 COMPILER V9.60.7.0, COMPILATION OF MODULE MAIN
OBJECT MODULE PLACED IN .\Objects\main.obj
COMPILER INVOKED BY: D:\Keil\C51\BIN\C51.EXE main.c OPTIMIZE(8,SPEED) BROWSE DEBUG OBJECTEXTEND PRINT(.\Listings\main.ls
                    -t) OBJECT(.\Objects\main.obj)

line level    source

   1          #include <REGX52.H>
   2          void Delay(unsigned int xms);//delare the function first
   3          
   4          unsigned char LEDNum;
   5          
   6          void main()
   7          {
   8   1              P2=~0X01;
   9   1              while(1)
  10   1              {       
  11   2                      if(P3_1==0)
  12   2                      {
  13   3                              Delay(20);
  14   3                              while(P3_1==0);
  15   3                              Delay(20);
  16   3                              LEDNum++;
  17   3                              if(LEDNum>=8)
  18   3                                      LEDNum=0;//If there is only one code in the logic roll,don't need{}
  19   3                              P2=~(0X01<<LEDNum);
  20   3                      }
  21   2                      if(P3_0==0)
  22   2                      {
  23   3                              Delay(20);
  24   3                              while(P3_0==0);
  25   3                              Delay(20);
  26   3                              if(LEDNum==0)
  27   3                                      LEDNum=7;
  28   3                      else
  29   3                                      LEDNum--;//If there is only one code in the logic roll,don't need{}
  30   3                              P2=~(0X01<<LEDNum);
  31   3                      }
  32   2              }
  33   1      }
  34          
  35          void Delay(unsigned int xms)//the whole part of the code of the function
  36          {
  37   1              unsigned char i, j;
  38   1      
  39   1              while(xms--)
  40   1              {
  41   2                      i = 2;
  42   2                      j = 199;
  43   2                      do
  44   2                      {
  45   3                              while (--j);
  46   3                      } while (--i);
  47   2                      //xms--;
  48   2              }
  49   1      }


MODULE INFORMATION:   STATIC OVERLAYABLE
   CODE SIZE        =    109    ----
   CONSTANT SIZE    =   ----    ----
C51 COMPILER V9.60.7.0   MAIN                                                              07/08/2025 00:24:27 PAGE 2   

   XDATA SIZE       =   ----    ----
   PDATA SIZE       =   ----    ----
   DATA SIZE        =      1    ----
   IDATA SIZE       =   ----    ----
   BIT SIZE         =   ----    ----
END OF MODULE INFORMATION.


C51 COMPILATION COMPLETE.  0 WARNING(S),  0 ERROR(S)
