C51 COMPILER V9.60.7.0   MAIN                                                              10/21/2025 19:17:17 PAGE 1   


C51 COMPILER V9.60.7.0, COMPILATION OF MODULE MAIN
OBJECT MODULE PLACED IN .\Objects\main.obj
COMPILER INVOKED BY: D:\Keil\C51\BIN\C51.EXE main.c OPTIMIZE(8,SPEED) BROWSE DEBUG OBJECTEXTEND PRINT(.\Listings\main.ls
                    -t) OBJECT(.\Objects\main.obj)

line level    source

   1          #include <REGX52.H>
   2          #include "LCD1602.H"
   3          #include "Ds1302.h"
   4          #include "Delay.h"
   5          #include "Key.h"
   6          #include "Timer0.h"
   7          
   8          unsigned char KeyNum,MODE,TimeSetSelect,TimeSetFlashFlag;
   9          
  10          void TimeShow(void)
  11          {
  12   1              DS1302_ReadTime();      //ËØªÂèñÊó∂Èó¥
  13   1              LCD_ShowNum(1,1,DS1302_Time[0],2);      //ÊòæÁ§∫Âπ¥
  14   1              LCD_ShowNum(1,4,DS1302_Time[1],2);      //ÊòæÁ§∫Êúà
  15   1              LCD_ShowNum(1,7,DS1302_Time[2],2);      //ÊòæÁ§∫Êó•
  16   1              LCD_ShowNum(2,1,DS1302_Time[3],2);      //ÊòæÁ§∫Êó∂
  17   1              LCD_ShowNum(2,4,DS1302_Time[4],2);      //ÊòæÁ§∫ÂàÜ
  18   1              LCD_ShowNum(2,7,DS1302_Time[5],2);      //ÊòæÁ§∫Áßí
  19   1      }
  20          
  21          void TimeSet(void)
  22          {
  23   1              if(KeyNum==2)
  24   1              {
  25   2                      TimeSetSelect++;
  26   2                      TimeSetSelect%=6;       //if(TimeSetSelect>5)TimeSetSelect=0;Ë∂äÁïåËÆæÁΩÆ
  27   2              }
  28   1              if(KeyNum==3)
  29   1              {
  30   2                      DS1302_Time[TimeSetSelect]++;
  31   2                      if(DS1302_Time[0]>99){DS1302_Time[0]=0;}        //Âπ¥Ë∂äÁïåÂà§Êñ≠
  32   2                      if(DS1302_Time[1]>12){DS1302_Time[1]=1;}        //ÊúàË∂äÁïåÂà§Êñ≠
  33   2                      if(DS1302_Time[1]==1 || DS1302_Time[1]==3 || DS1302_Time[1]==5 || DS1302_Time[1]==7 || DS1302_Time[1]==8
             - || DS1302_Time[1]==10 || DS1302_Time[1]==12)
  34   2                      {
  35   3                              if(DS1302_Time[2]>31){DS1302_Time[2]=1;}        //Â§ßÊúà
  36   3                      }
  37   2                      else if(DS1302_Time[1]==4 || DS1302_Time[1]==6 || DS1302_Time[1]==9 || DS1302_Time[1]==11)
  38   2                      {
  39   3                              if(DS1302_Time[2]>30){DS1302_Time[2]=1;}        //Â∞èÊúà
  40   3                      }
  41   2                      else if(DS1302_Time[1]==2)
  42   2                      {
  43   3                              if(DS1302_Time[0]%4==0)
  44   3                              {
  45   4                                      if(DS1302_Time[2]>29){DS1302_Time[2]=1;}        //Èó∞Âπ¥2Êúà
  46   4                              }
  47   3                              else
  48   3                              {
  49   4                                      if(DS1302_Time[2]>28){DS1302_Time[2]=1;}        //Âπ≥Âπ¥2Êúà
  50   4                              }
  51   3                      }
  52   2                      if(DS1302_Time[3]>23){DS1302_Time[3]=0;}
  53   2                      if(DS1302_Time[4]>59){DS1302_Time[4]=0;}
C51 COMPILER V9.60.7.0   MAIN                                                              10/21/2025 19:17:17 PAGE 2   

  54   2                      if(DS1302_Time[5]>59){DS1302_Time[5]=0;}
  55   2              }
  56   1              if(KeyNum==4)
  57   1              {
  58   2                      DS1302_Time[TimeSetSelect]--;
  59   2                      if(DS1302_Time[0]<0){DS1302_Time[0]=99;}        //Âπ¥Ë∂äÁïåÂà§Êñ≠
  60   2                      if(DS1302_Time[1]<1){DS1302_Time[1]=12;}        //ÊúàË∂äÁïåÂà§Êñ≠
  61   2                      if(DS1302_Time[1]==1 || DS1302_Time[1]==3 || DS1302_Time[1]==5 || DS1302_Time[1]==7 || DS1302_Time[1]==8
             - || DS1302_Time[1]==10 || DS1302_Time[1]==12)
  62   2                      {
  63   3                              if(DS1302_Time[2]<1){DS1302_Time[2]=31;}        //Â§ßÊúà
  64   3                              if(DS1302_Time[2]>31){DS1302_Time[2]=1;}
  65   3                      }
  66   2                      else if(DS1302_Time[1]==4 || DS1302_Time[1]==6 || DS1302_Time[1]==9 || DS1302_Time[1]==11)
  67   2                      {
  68   3                              if(DS1302_Time[2]<1){DS1302_Time[2]=30;}        //Â∞èÊúà
  69   3                              if(DS1302_Time[2]>30){DS1302_Time[2]=1;}        //Â∞èÊúà
  70   3                      }
  71   2                      else if(DS1302_Time[1]==2)
  72   2                      {
  73   3                              if(DS1302_Time[0]%4==0)
  74   3                              {
  75   4                                      if(DS1302_Time[2]<1){DS1302_Time[2]=29;}        //Èó∞Âπ¥2Êúà
  76   4                                      if(DS1302_Time[2]>29){DS1302_Time[2]=1;}        
  77   4                              }
  78   3                              else
  79   3                              {
  80   4                                      if(DS1302_Time[2]<1){DS1302_Time[2]=28;}        //Âπ≥Âπ¥2Êúà
  81   4                                      if(DS1302_Time[2]>28){DS1302_Time[2]=1;}        
  82   4                              }
  83   3                      }
  84   2                      if(DS1302_Time[3]<0){DS1302_Time[3]=23;}
  85   2                      if(DS1302_Time[4]<0){DS1302_Time[4]=59;}
  86   2                      if(DS1302_Time[5]<0){DS1302_Time[5]=59;}
  87   2              }
  88   1              if(TimeSetSelect==0&&TimeSetFlashFlag==1){LCD_ShowString(1,1,"  ");}
  89   1              else{LCD_ShowNum(1,1,DS1302_Time[0],2);}
  90   1              if(TimeSetSelect==1&&TimeSetFlashFlag==1){LCD_ShowString(1,4,"  ");}
  91   1              else{LCD_ShowNum(1,4,DS1302_Time[1],2);}
  92   1              if(TimeSetSelect==2&&TimeSetFlashFlag==1){LCD_ShowString(1,7,"  ");}
  93   1              else{LCD_ShowNum(1,7,DS1302_Time[2],2);}
  94   1              if(TimeSetSelect==3&&TimeSetFlashFlag==1){LCD_ShowString(2,1,"  ");}
  95   1              else{LCD_ShowNum(2,1,DS1302_Time[3],2);}
  96   1              if(TimeSetSelect==4&&TimeSetFlashFlag==1){LCD_ShowString(2,4,"  ");}
  97   1              else{LCD_ShowNum(2,4,DS1302_Time[4],2);}
  98   1              if(TimeSetSelect==5&&TimeSetFlashFlag==1){LCD_ShowString(2,7,"  ");}
  99   1              else{LCD_ShowNum(2,7,DS1302_Time[5],2);}
 100   1      //      LCD_ShowNum(2,10,TimeSetSelect,2);      
 101   1      //      LCD_ShowNum(1,1,DS1302_Time[0],2);      //ÊòæÁ§∫Âπ¥
 102   1      //      LCD_ShowNum(1,4,DS1302_Time[1],2);      //ÊòæÁ§∫Êúà
 103   1      //      LCD_ShowNum(1,7,DS1302_Time[2],2);      //ÊòæÁ§∫Êó•
 104   1      //      LCD_ShowNum(2,1,DS1302_Time[3],2);      //ÊòæÁ§∫Êó∂
 105   1      //      LCD_ShowNum(2,4,DS1302_Time[4],2);      //ÊòæÁ§∫ÂàÜ
 106   1      //      LCD_ShowNum(2,7,DS1302_Time[5],2);      //ÊòæÁ§∫Áßí
 107   1      }
 108          
 109          void main()
 110          {
 111   1              LCD_Init();
 112   1              DS1302_Init();
 113   1              Timer0_Init();
 114   1              LCD_ShowString(1,1,"  -  -  "); //ÈùôÊÄÅÂ≠óÁ¨¶ÂàùÂßãÂåñÊòæÁ§∫
C51 COMPILER V9.60.7.0   MAIN                                                              10/21/2025 19:17:17 PAGE 3   

 115   1              LCD_ShowString(2,1,"  :  :  ");
 116   1              DS1302_SetTime();       //ËÆæÁΩÆÊó∂Èó¥
 117   1              while(1)
 118   1              {
 119   2                      KeyNum=Key();
 120   2                      if(KeyNum==1)
 121   2                      {
 122   3                              if(MODE==0){MODE=1;TimeSetSelect=0;}
 123   3                              else if(MODE==1){MODE=0;DS1302_SetTime();}
 124   3                      }
 125   2                      switch(MODE)
 126   2                      {
 127   3                              case 0:TimeShow();break;
 128   3                              case 1:TimeSet();break;
 129   3                      }
 130   2              }
 131   1      }
 132          
 133          void Timer0_Routine() interrupt 1 //‰∏≠Êñ≠ÂáΩÊï∞
 134          {
 135   1              static unsigned int T0Count;    //staticÂÖ≥ÈîÆÂ≠óËÆ©ÂèòÈáèÂú®ÁªìÊùüÂêé‰æùÁÑ∂Âç†ÊçÆÁ©∫Èó¥Ôºå‰∏îÂè™ÂèØ‰ª•Áî±Êú
             -¨ÂáΩÊï∞‰ΩøÁî®
 136   1              TH0=64535/256;//ÈáçË£ÖÂÆöÊó∂Âô®
 137   1              TL0=64535%256+1;        
 138   1              T0Count++;
 139   1              if(T0Count>=500)
 140   1              {
 141   2                      T0Count=0;
 142   2                      TimeSetFlashFlag=!TimeSetFlashFlag;     //ÈÄªËæëÂèñÂèçÔºå‰∏é~Êåâ‰ΩçÂèñÂèç‰∏çÂêå
 143   2              }
 144   1      }


MODULE INFORMATION:   STATIC OVERLAYABLE
   CODE SIZE        =    969    ----
   CONSTANT SIZE    =     21    ----
   XDATA SIZE       =   ----    ----
   PDATA SIZE       =   ----    ----
   DATA SIZE        =      6    ----
   IDATA SIZE       =   ----    ----
   BIT SIZE         =   ----    ----
END OF MODULE INFORMATION.


C51 COMPILATION COMPLETE.  0 WARNING(S),  0 ERROR(S)
