C51 COMPILER V9.60.7.0   MAIN                                                              10/17/2025 22:24:40 PAGE 1   


C51 COMPILER V9.60.7.0, COMPILATION OF MODULE MAIN
OBJECT MODULE PLACED IN .\Objects\main.obj
COMPILER INVOKED BY: D:\Keil\C51\BIN\C51.EXE main.c OPTIMIZE(8,SPEED) BROWSE DEBUG OBJECTEXTEND PRINT(.\Listings\main.ls
                    -t) OBJECT(.\Objects\main.obj)

line level    source

   1          #include <REGX52.H>
   2          #include "DELAY.H"
   3          
   4          sbit RCK=P3^5;  //RCLK,特殊位声明：P3口的第五位
   5          sbit SCK=P3^6;  //SRCLK
   6          sbit SER=P3^4;  //SER
   7          
   8          #define MATRIX_LED_PORT P0
   9          
  10          /**
  11            * @brief 74HC595写入一个字节
  12            * @param  要写入的字节
  13            * @retval 无
  14            */
  15          void _74HC595_WriteByte(unsigned char Byte)
  16          {
  17   1              unsigned char i;
  18   1              for(i=0;i<8;i++)
  19   1              {
  20   2                      //SER=Byte&0x80=>if(Byte^8)SER=1;else SER=0;//没有进行位对齐，将8位赋给1位：如果8位非0
             -即赋的值为1
  21   2                      SER=Byte&(0x80>>i);     
  22   2                      SCK=1;
  23   2                      SCK=0;          
  24   2              }
  25   1              RCK=1;
  26   1              RCK=0;
  27   1      }
  28          
  29          /**
  30          * @brief LED点阵屏显示一列数据
  31            * @param  Column 要选择的列，范围：0~7，0在最左边
  32            * @param  Data 要选择列显示的数据，范围：0~0xFF，高位在上，1为亮，0为灭
  33            * @retval 无
  34            */
  35          void MatrixLED_ShowColumn(unsigned char Column,Data)
  36          {
  37   1              _74HC595_WriteByte(Data);
  38   1              MATRIX_LED_PORT=~(0x80>>Column);
  39   1      //      if(column==0)P0=~0x80;
  40   1      //      if(column==1)P0=~0x40;
  41   1      //      if(column==0)P0=~0x20;
  42   1              Delay(1);
  43   1              MATRIX_LED_PORT=0xFF;
  44   1      }
  45          
  46          void main()
  47          {
  48   1              SCK=0;
  49   1              RCK=0;
  50   1      
  51   1              while(1)
  52   1              {
  53   2                      MatrixLED_ShowColumn(0,0x78);
C51 COMPILER V9.60.7.0   MAIN                                                              10/17/2025 22:24:40 PAGE 2   

  54   2                      MatrixLED_ShowColumn(1,0x84);
  55   2                      MatrixLED_ShowColumn(2,0x82);
  56   2                      MatrixLED_ShowColumn(3,0x41);
  57   2                      MatrixLED_ShowColumn(4,0x41);
  58   2                      MatrixLED_ShowColumn(5,0x82);
  59   2                      MatrixLED_ShowColumn(6,0x84);
  60   2                      MatrixLED_ShowColumn(7,0x78);
  61   2              }
  62   1      }


MODULE INFORMATION:   STATIC OVERLAYABLE
   CODE SIZE        =    157    ----
   CONSTANT SIZE    =   ----    ----
   XDATA SIZE       =   ----    ----
   PDATA SIZE       =   ----    ----
   DATA SIZE        =   ----    ----
   IDATA SIZE       =   ----    ----
   BIT SIZE         =   ----    ----
END OF MODULE INFORMATION.


C51 COMPILATION COMPLETE.  0 WARNING(S),  0 ERROR(S)
