C51 COMPILER V9.60.7.0   MAIN                                                              10/31/2025 14:12:10 PAGE 1   


C51 COMPILER V9.60.7.0, COMPILATION OF MODULE MAIN
OBJECT MODULE PLACED IN .\Objects\main.obj
COMPILER INVOKED BY: D:\Keil\C51\BIN\C51.EXE main.c OPTIMIZE(8,SPEED) BROWSE DEBUG OBJECTEXTEND PRINT(.\Listings\main.ls
                    -t) OBJECT(.\Objects\main.obj)

line level    source

   1          #include <REGX52.H>
   2          #include "LCD1602.h"
   3          #include "Key.h"
   4          #include "AT24C02.h"
   5          #include "Delay.h"
   6          
   7          //unsigned char Data;
   8          unsigned char KeyNum;
   9          unsigned int Num;
  10          
  11          void main()
  12          {
  13   1              LCD_Init();
  14   1              LCD_ShowNum(1,1,Num,5);
  15   1      //      AT24C02_WriteByte(1,155);
  16   1      //      Delay(5);       //å› ä¸º24C02å†™å‘¨æœŸæœ€å¤§5ms
  17   1      //      Data=AT24C02_ReadByte(1);
  18   1      //      LCD_ShowNum(2,1,Data,3);
  19   1              while(1)
  20   1              {
  21   2                      KeyNum=Key();
  22   2                      if(KeyNum==1)
  23   2                      {
  24   3                              Num++;
  25   3                              LCD_ShowNum(1,1,Num,5);
  26   3                      }
  27   2                      if(KeyNum==2)
  28   2                      {
  29   3                              Num--;
  30   3                              LCD_ShowNum(1,1,Num,5);
  31   3                      }
  32   2                      if(KeyNum==3)
  33   2                      {
  34   3                              AT24C02_WriteByte(0,Num%256);
  35   3                              Delay(5);       //å› ä¸º24C02å†™å‘¨æœŸæœ€å¤§5ms
  36   3                              AT24C02_WriteByte(1,Num/256);
  37   3                              Delay(5);       //å› ä¸º24C02å†™å‘¨æœŸæœ€å¤§5ms
  38   3                              LCD_ShowString(2,1,"Write OK");
  39   3                              Delay(1000);
  40   3                              LCD_ShowString(2,1,"        ");
  41   3                      }
  42   2                      if(KeyNum==4)
  43   2                      {
  44   3                              Num=AT24C02_ReadByte(0);
  45   3                              Num|=AT24C02_ReadByte(1)<<8;    //charä¸Žintè¿ç®—æ—¶,charä¼šå†…éƒ¨è½¬åŒ–ä¸ºintåž‹å‚ä¸Žè¿ç®—,æ‰€ä»¥è¯»å‡
             -ºå€¼å·¦ç§»å…«ä½ä¸ä¼šæº¢å‡º
  46   3                              LCD_ShowNum(1,1,Num,5);
  47   3                              LCD_ShowString(2,1,"Read OK ");
  48   3                              Delay(1000);
  49   3                              LCD_ShowString(2,1,"        ");
  50   3                      }
  51   2              }
  52   1      }

C51 COMPILER V9.60.7.0   MAIN                                                              10/31/2025 14:12:10 PAGE 2   


MODULE INFORMATION:   STATIC OVERLAYABLE
   CODE SIZE        =    223    ----
   CONSTANT SIZE    =     27    ----
   XDATA SIZE       =   ----    ----
   PDATA SIZE       =   ----    ----
   DATA SIZE        =      3    ----
   IDATA SIZE       =   ----    ----
   BIT SIZE         =   ----    ----
END OF MODULE INFORMATION.


C51 COMPILATION COMPLETE.  0 WARNING(S),  0 ERROR(S)
