C51 COMPILER V9.60.7.0   MATRIXLED                                                         10/17/2025 22:33:40 PAGE 1   


C51 COMPILER V9.60.7.0, COMPILATION OF MODULE MATRIXLED
OBJECT MODULE PLACED IN .\Objects\MatrixLED.obj
COMPILER INVOKED BY: D:\Keil\C51\BIN\C51.EXE MatrixLED.c OPTIMIZE(8,SPEED) BROWSE DEBUG OBJECTEXTEND PRINT(.\Listings\Ma
                    -trixLED.lst) OBJECT(.\Objects\MatrixLED.obj)

line level    source

   1          #include <REGX52.H>
   2          #include "DELAY.H"
   3          
   4          sbit RCK=P3^5;  //RCLK,特殊位声明：P3口的第五位
   5          sbit SCK=P3^6;  //SRCLK
   6          sbit SER=P3^4;  //SER
   7          
   8          #define MATRIX_LED_PORT P0
   9          
  10          /**
  11            * @brief 74HC595写入一个字节
  12            * @param  要写入的字节
  13            * @retval 无
  14            */
  15          void _74HC595_WriteByte(unsigned char Byte)
  16          {
  17   1              unsigned char i;
  18   1              for(i=0;i<8;i++)
  19   1              {
  20   2                      //SER=Byte&0x80=>if(Byte^8)SER=1;else SER=0;//没有进行位对齐，将8位赋给1位：如果8位非0
             -即赋的值为1
  21   2                      SER=Byte&(0x80>>i);     
  22   2                      SCK=1;
  23   2                      SCK=0;          
  24   2              }
  25   1              RCK=1;
  26   1              RCK=0;
  27   1      }
  28          
  29          /**
  30            * @brief 点阵屏初始化
  31            * @param  无
  32            * @retval 无
  33            */
  34          void MatrixLED_Init()
  35          {
  36   1              SCK=0;
  37   1              RCK=0;
  38   1      }
  39          
  40          /**
  41          * @brief LED点阵屏显示一列数据
  42            * @param  Column 要选择的列，范围：0~7，0在最左边
  43            * @param  Data 要选择列显示的数据，范围：0~0xFF，高位在上，1为亮，0为灭
  44            * @retval 无
  45            */
  46          void MatrixLED_ShowColumn(unsigned char Column,Data)
  47          {
  48   1              _74HC595_WriteByte(Data);
  49   1              MATRIX_LED_PORT=~(0x80>>Column);
  50   1      //      if(column==0)P0=~0x80;
  51   1      //      if(column==1)P0=~0x40;
  52   1      //      if(column==0)P0=~0x20;
  53   1              Delay(1);
C51 COMPILER V9.60.7.0   MATRIXLED                                                         10/17/2025 22:33:40 PAGE 2   

  54   1              MATRIX_LED_PORT=0xFF;
  55   1      }


MODULE INFORMATION:   STATIC OVERLAYABLE
   CODE SIZE        =     84    ----
   CONSTANT SIZE    =   ----    ----
   XDATA SIZE       =   ----    ----
   PDATA SIZE       =   ----    ----
   DATA SIZE        =   ----    ----
   IDATA SIZE       =   ----    ----
   BIT SIZE         =   ----    ----
END OF MODULE INFORMATION.


C51 COMPILATION COMPLETE.  0 WARNING(S),  0 ERROR(S)
